2020-03-18 18:17:14,631_pz_weather_logger_DEBUG - pz weather started
2020-03-18 18:17:15,318_pz_weather_logger_DEBUG - latest image anchor: 
2020-03-18 18:17:15,319_pz_weather_logger_DEBUG - <a href="20200782206_GOES16-ABI-ne-GEOCOLOR-1200x1200.jpg">20200782206_GOES16-ABI-ne-GEOCOLOR-1200x1200.jpg</a>
2020-03-18 18:19:40,027_pz_weather_logger_DEBUG - pz weather started
2020-03-18 18:19:40,832_pz_weather_logger_DEBUG - latest image anchor: 
2020-03-18 18:19:40,832_pz_weather_logger_DEBUG - <a href="20200782211_GOES16-ABI-ne-GEOCOLOR-1200x1200.jpg">20200782211_GOES16-ABI-ne-GEOCOLOR-1200x1200.jpg</a>
2020-03-18 18:20:33,801_pz_weather_logger_DEBUG - pz weather started
2020-03-18 18:20:34,443_pz_weather_logger_DEBUG - latest image anchor: 
2020-03-18 18:20:34,444_pz_weather_logger_DEBUG - <a href="20200782211_GOES16-ABI-ne-GEOCOLOR-1200x1200.jpg">20200782211_GOES16-ABI-ne-GEOCOLOR-1200x1200.jpg</a>
2020-03-18 18:22:40,553_pz_weather_logger_DEBUG - pz weather started
2020-03-18 18:22:41,401_pz_weather_logger_DEBUG - latest image anchor: 
2020-03-18 18:22:41,401_pz_weather_logger_DEBUG - <a href="20200782216_GOES16-ABI-ne-GEOCOLOR-1200x1200.jpg">20200782216_GOES16-ABI-ne-GEOCOLOR-1200x1200.jpg</a>
2020-03-18 18:22:42,240_pz_weather_logger_DEBUG - {'temps': [[54, None, None, None], [42, None, None, None]], 'icons': [None, 'nra', None, None], 'date': '2020-03-18', 'last_load': '20200318182242'}
2020-03-18 18:22:42,696_pz_weather_logger_DEBUG - {'summary': 'partly-cloudy-day', 'temperature': 47, 'pressure': 1032}
2020-03-18 18:23:35,924_pz_weather_logger_DEBUG - pz weather started
2020-03-18 18:23:36,608_pz_weather_logger_DEBUG - latest image anchor: 
2020-03-18 18:23:36,608_pz_weather_logger_DEBUG - <a href="20200782216_GOES16-ABI-ne-GEOCOLOR-1200x1200.jpg">20200782216_GOES16-ABI-ne-GEOCOLOR-1200x1200.jpg</a>
2020-03-18 18:23:37,107_pz_weather_logger_DEBUG - using logged noaa data
2020-03-18 18:23:37,107_pz_weather_logger_DEBUG - {'temps': [[54, None, None, None], [42, None, None, None]], 'icons': [None, 'nra', None, None], 'date': datetime.datetime(2020, 3, 18, 0, 0)}
2020-03-18 18:23:37,412_pz_weather_logger_DEBUG - {'summary': 'partly-cloudy-day', 'temperature': 47, 'pressure': 1032}
2020-03-18 18:23:47,714_pz_weather_logger_DEBUG - pz weather started
2020-03-18 18:23:48,353_pz_weather_logger_DEBUG - latest image anchor: 
2020-03-18 18:23:48,353_pz_weather_logger_DEBUG - <a href="20200782216_GOES16-ABI-ne-GEOCOLOR-1200x1200.jpg">20200782216_GOES16-ABI-ne-GEOCOLOR-1200x1200.jpg</a>
2020-03-18 18:24:58,949_pz_weather_logger_DEBUG - pz weather started
2020-03-18 18:24:59,832_pz_weather_logger_DEBUG - latest image anchor: 
2020-03-18 18:24:59,833_pz_weather_logger_DEBUG - <a href="20200782216_GOES16-ABI-ne-GEOCOLOR-1200x1200.jpg">20200782216_GOES16-ABI-ne-GEOCOLOR-1200x1200.jpg</a>
2020-03-18 18:25:00,879_pz_weather_logger_DEBUG - {'temps': [[54, None, None, None], [42, None, None, None]], 'icons': ['nra'], 'date': '2020-03-18', 'last_load': '20200318182500'}
2020-03-18 18:25:01,267_pz_weather_logger_DEBUG - {'summary': 'partly-cloudy-day', 'temperature': 47, 'pressure': 1032}
2020-03-18 18:27:04,872_pz_weather_logger_DEBUG - pz weather started
2020-03-18 18:27:05,714_pz_weather_logger_DEBUG - latest image anchor: 
2020-03-18 18:27:05,714_pz_weather_logger_DEBUG - <a href="20200782216_GOES16-ABI-ne-GEOCOLOR-1200x1200.jpg">20200782216_GOES16-ABI-ne-GEOCOLOR-1200x1200.jpg</a>
2020-03-18 18:27:06,449_pz_weather_logger_DEBUG - using logged noaa data
2020-03-18 18:27:06,449_pz_weather_logger_DEBUG - {'temps': [[54, None, None, None], [42, None, None, None]], 'icons': ['nra'], 'date': datetime.datetime(2020, 3, 18, 0, 0)}
2020-03-18 18:27:06,829_pz_weather_logger_DEBUG - {'summary': 'partly-cloudy-day', 'temperature': 47, 'pressure': 1032}
2020-03-18 18:27:13,170_pz_weather_logger_DEBUG - pz weather started
2020-03-18 18:27:13,944_pz_weather_logger_DEBUG - latest image anchor: 
2020-03-18 18:27:13,944_pz_weather_logger_DEBUG - <a href="20200782216_GOES16-ABI-ne-GEOCOLOR-1200x1200.jpg">20200782216_GOES16-ABI-ne-GEOCOLOR-1200x1200.jpg</a>
2020-03-18 18:27:15,489_pz_weather_logger_DEBUG - {'temps': [[54], [42]], 'icons': ['nra'], 'date': '2020-03-18', 'last_load': '20200318182715'}
2020-03-18 18:27:15,728_pz_weather_logger_DEBUG - {'summary': 'partly-cloudy-day', 'temperature': 47, 'pressure': 1032}
2020-03-18 18:28:55,632_pz_weather_logger_DEBUG - pz weather started
2020-03-18 18:28:56,373_pz_weather_logger_DEBUG - latest image anchor: 
2020-03-18 18:28:56,374_pz_weather_logger_DEBUG - <a href="20200782221_GOES16-ABI-ne-GEOCOLOR-1200x1200.jpg">20200782221_GOES16-ABI-ne-GEOCOLOR-1200x1200.jpg</a>
2020-03-18 18:28:56,919_pz_weather_logger_DEBUG - using logged noaa data
2020-03-18 18:28:56,920_pz_weather_logger_DEBUG - {'temps': [[54], [42]], 'icons': ['nra'], 'date': datetime.datetime(2020, 3, 18, 0, 0)}
2020-03-18 18:28:57,257_pz_weather_logger_DEBUG - {'summary': 'partly-cloudy-day', 'temperature': 47, 'pressure': 1032}
2020-03-18 18:30:09,869_pz_weather_logger_DEBUG - pz weather started
2020-03-18 18:30:10,582_pz_weather_logger_DEBUG - latest image anchor: 
2020-03-18 18:30:10,582_pz_weather_logger_DEBUG - <a href="20200782221_GOES16-ABI-ne-GEOCOLOR-1200x1200.jpg">20200782221_GOES16-ABI-ne-GEOCOLOR-1200x1200.jpg</a>
2020-03-18 18:30:11,286_pz_weather_logger_DEBUG - using logged noaa data
2020-03-18 18:30:11,286_pz_weather_logger_DEBUG - {'temps': [[54], [42]], 'icons': ['nra'], 'date': datetime.datetime(2020, 3, 18, 0, 0)}
2020-03-18 18:30:11,501_pz_weather_logger_DEBUG - {'summary': 'partly-cloudy-day', 'temperature': 47, 'pressure': 1032}
2020-03-18 18:35:52,764_pz_weather_logger_DEBUG - pz weather started
2020-03-18 18:35:53,544_pz_weather_logger_DEBUG - latest image anchor: 
2020-03-18 18:35:53,545_pz_weather_logger_DEBUG - <a href="20200782226_GOES16-ABI-ne-GEOCOLOR-1200x1200.jpg">20200782226_GOES16-ABI-ne-GEOCOLOR-1200x1200.jpg</a>
2020-03-18 18:35:54,025_pz_weather_logger_DEBUG - using logged noaa data
2020-03-18 18:35:54,026_pz_weather_logger_DEBUG - {'temps': [[54], [42]], 'icons': ['nra'], 'date': datetime.datetime(2020, 3, 18, 0, 0)}
2020-03-18 18:35:54,499_pz_weather_logger_DEBUG - {'summary': 'partly-cloudy-day', 'temperature': 47, 'pressure': 1032}
2020-03-18 18:36:25,524_pz_weather_logger_DEBUG - pz weather started
2020-03-18 18:36:26,204_pz_weather_logger_DEBUG - latest image anchor: 
2020-03-18 18:36:26,204_pz_weather_logger_DEBUG - <a href="20200782226_GOES16-ABI-ne-GEOCOLOR-1200x1200.jpg">20200782226_GOES16-ABI-ne-GEOCOLOR-1200x1200.jpg</a>
2020-03-18 18:36:26,752_pz_weather_logger_DEBUG - using logged noaa data
2020-03-18 18:36:26,752_pz_weather_logger_DEBUG - {'temps': [[54], [42]], 'icons': ['nra'], 'date': datetime.datetime(2020, 3, 18, 0, 0)}
2020-03-18 18:36:26,959_pz_weather_logger_DEBUG - {'summary': 'partly-cloudy-day', 'temperature': 47, 'pressure': 1032}
2020-03-18 18:36:44,488_pz_weather_logger_DEBUG - pz weather started
2020-03-18 18:36:45,252_pz_weather_logger_DEBUG - latest image anchor: 
2020-03-18 18:36:45,252_pz_weather_logger_DEBUG - <a href="20200782226_GOES16-ABI-ne-GEOCOLOR-1200x1200.jpg">20200782226_GOES16-ABI-ne-GEOCOLOR-1200x1200.jpg</a>
2020-03-18 18:36:45,958_pz_weather_logger_DEBUG - using logged noaa data
2020-03-18 18:36:45,959_pz_weather_logger_DEBUG - {'temps': [[54], [42]], 'icons': ['nra'], 'date': datetime.datetime(2020, 3, 18, 0, 0)}
2020-03-18 18:36:46,341_pz_weather_logger_DEBUG - {'summary': 'partly-cloudy-day', 'temperature': 47, 'pressure': 1032}
2020-03-18 18:38:40,116_pz_weather_logger_DEBUG - pz weather started
2020-03-18 18:38:40,836_pz_weather_logger_DEBUG - latest image anchor: 
2020-03-18 18:38:40,836_pz_weather_logger_DEBUG - <a href="20200782231_GOES16-ABI-ne-GEOCOLOR-1200x1200.jpg">20200782231_GOES16-ABI-ne-GEOCOLOR-1200x1200.jpg</a>
2020-03-18 18:38:41,424_pz_weather_logger_DEBUG - using logged noaa data
2020-03-18 18:38:41,425_pz_weather_logger_DEBUG - {'temps': [[54], [42]], 'icons': ['nra'], 'date': datetime.datetime(2020, 3, 18, 0, 0)}
2020-03-18 18:38:41,806_pz_weather_logger_DEBUG - {'summary': 'partly-cloudy-day', 'temperature': 46, 'pressure': 1032}
2020-03-18 18:42:19,022_pz_weather_logger_DEBUG - pz weather started
2020-03-18 18:42:19,835_pz_weather_logger_DEBUG - latest image anchor: 
2020-03-18 18:42:19,836_pz_weather_logger_DEBUG - <a href="20200782231_GOES16-ABI-ne-GEOCOLOR-1200x1200.jpg">20200782231_GOES16-ABI-ne-GEOCOLOR-1200x1200.jpg</a>
2020-03-18 18:42:20,467_pz_weather_logger_DEBUG - using logged noaa data
2020-03-18 18:42:20,467_pz_weather_logger_DEBUG - {'temps': [[54], [42]], 'icons': ['nra'], 'date': datetime.datetime(2020, 3, 18, 0, 0)}
2020-03-18 18:42:20,806_pz_weather_logger_DEBUG - {'summary': 'partly-cloudy-day', 'temperature': 47, 'pressure': 1032}
2020-03-18 18:43:20,374_pz_weather_logger_DEBUG - pz weather started
2020-03-18 18:43:20,971_pz_weather_logger_DEBUG - latest image anchor: 
2020-03-18 18:43:20,972_pz_weather_logger_DEBUG - <a href="20200782236_GOES16-ABI-ne-GEOCOLOR-1200x1200.jpg">20200782236_GOES16-ABI-ne-GEOCOLOR-1200x1200.jpg</a>
2020-03-18 18:43:21,703_pz_weather_logger_DEBUG - using logged noaa data
2020-03-18 18:43:21,703_pz_weather_logger_DEBUG - {'temps': [[54], [42]], 'icons': ['nra'], 'date': datetime.datetime(2020, 3, 18, 0, 0)}
2020-03-18 18:43:21,908_pz_weather_logger_DEBUG - {'summary': 'partly-cloudy-day', 'temperature': 47, 'pressure': 1032}
2020-03-18 18:44:01,096_pz_weather_logger_DEBUG - pz weather started
2020-03-18 18:44:01,717_pz_weather_logger_DEBUG - latest image anchor: 
2020-03-18 18:44:01,717_pz_weather_logger_DEBUG - <a href="20200782236_GOES16-ABI-ne-GEOCOLOR-1200x1200.jpg">20200782236_GOES16-ABI-ne-GEOCOLOR-1200x1200.jpg</a>
2020-03-18 18:44:02,378_pz_weather_logger_DEBUG - using logged noaa data
2020-03-18 18:44:02,379_pz_weather_logger_DEBUG - {'temps': [[54], [42]], 'icons': ['nra'], 'date': datetime.datetime(2020, 3, 18, 0, 0)}
2020-03-18 18:44:02,586_pz_weather_logger_DEBUG - {'summary': 'partly-cloudy-day', 'temperature': 46, 'pressure': 1032}
2020-03-18 18:44:45,440_pz_weather_logger_DEBUG - pz weather started
2020-03-18 18:44:46,039_pz_weather_logger_DEBUG - latest image anchor: 
2020-03-18 18:44:46,039_pz_weather_logger_DEBUG - <a href="20200782236_GOES16-ABI-ne-GEOCOLOR-1200x1200.jpg">20200782236_GOES16-ABI-ne-GEOCOLOR-1200x1200.jpg</a>
2020-03-18 18:44:46,524_pz_weather_logger_DEBUG - using logged noaa data
2020-03-18 18:44:46,525_pz_weather_logger_DEBUG - {'temps': [[54], [42]], 'icons': ['nra'], 'date': datetime.datetime(2020, 3, 18, 0, 0)}
2020-03-18 18:44:46,811_pz_weather_logger_DEBUG - {'summary': 'partly-cloudy-day', 'temperature': 47, 'pressure': 1032}
2020-03-18 18:45:01,226_pz_weather_logger_DEBUG - pz weather started
2020-03-18 18:45:01,930_pz_weather_logger_DEBUG - latest image anchor: 
2020-03-18 18:45:01,930_pz_weather_logger_DEBUG - <a href="20200782236_GOES16-ABI-ne-GEOCOLOR-1200x1200.jpg">20200782236_GOES16-ABI-ne-GEOCOLOR-1200x1200.jpg</a>
2020-03-18 18:45:02,501_pz_weather_logger_DEBUG - using logged noaa data
2020-03-18 18:45:02,502_pz_weather_logger_DEBUG - {'temps': [[54], [42]], 'icons': ['nra'], 'date': datetime.datetime(2020, 3, 18, 0, 0)}
2020-03-18 18:45:02,727_pz_weather_logger_DEBUG - {'summary': 'partly-cloudy-day', 'temperature': 47, 'pressure': 1032}
2020-03-18 18:57:52,296_pz_weather_logger_DEBUG - pz weather started
2020-03-18 18:57:53,036_pz_weather_logger_DEBUG - latest image anchor: 
2020-03-18 18:57:53,036_pz_weather_logger_DEBUG - <a href="20200782251_GOES16-ABI-ne-GEOCOLOR-1200x1200.jpg">20200782251_GOES16-ABI-ne-GEOCOLOR-1200x1200.jpg</a>
2020-03-18 18:57:53,554_pz_weather_logger_DEBUG - using logged noaa data
2020-03-18 18:57:53,554_pz_weather_logger_DEBUG - {'temps': [[54], [42]], 'icons': ['nra'], 'date': datetime.datetime(2020, 3, 18, 0, 0)}
2020-03-18 18:57:53,999_pz_weather_logger_DEBUG - {'summary': 'partly-cloudy-day', 'temperature': 46, 'pressure': 1032}
2020-03-18 18:58:23,539_pz_weather_logger_DEBUG - pz weather started
2020-03-18 18:58:24,167_pz_weather_logger_DEBUG - latest image anchor: 
2020-03-18 18:58:24,168_pz_weather_logger_DEBUG - <a href="20200782251_GOES16-ABI-ne-GEOCOLOR-1200x1200.jpg">20200782251_GOES16-ABI-ne-GEOCOLOR-1200x1200.jpg</a>
2020-03-18 18:58:24,709_pz_weather_logger_DEBUG - using logged noaa data
2020-03-18 18:58:24,709_pz_weather_logger_DEBUG - {'temps': [[54], [42]], 'icons': ['nra'], 'date': datetime.datetime(2020, 3, 18, 0, 0)}
2020-03-18 18:58:25,016_pz_weather_logger_DEBUG - {'summary': 'partly-cloudy-day', 'temperature': 46, 'pressure': 1032}
2020-03-18 18:58:49,907_pz_weather_logger_DEBUG - pz weather started
2020-03-18 18:58:50,539_pz_weather_logger_DEBUG - latest image anchor: 
2020-03-18 18:58:50,540_pz_weather_logger_DEBUG - <a href="20200782251_GOES16-ABI-ne-GEOCOLOR-1200x1200.jpg">20200782251_GOES16-ABI-ne-GEOCOLOR-1200x1200.jpg</a>
2020-03-18 18:58:51,209_pz_weather_logger_DEBUG - using logged noaa data
2020-03-18 18:58:51,210_pz_weather_logger_DEBUG - {'temps': [[54], [42]], 'icons': ['nra'], 'date': datetime.datetime(2020, 3, 18, 0, 0)}
2020-03-18 18:58:51,411_pz_weather_logger_DEBUG - {'summary': 'partly-cloudy-day', 'temperature': 46, 'pressure': 1032}
2020-03-18 19:00:58,697_pz_weather_logger_DEBUG - pz weather started
2020-03-18 19:00:59,634_pz_weather_logger_DEBUG - latest image anchor: 
2020-03-18 19:00:59,635_pz_weather_logger_DEBUG - <a href="20200782251_GOES16-ABI-ne-GEOCOLOR-1200x1200.jpg">20200782251_GOES16-ABI-ne-GEOCOLOR-1200x1200.jpg</a>
2020-03-18 19:01:00,227_pz_weather_logger_DEBUG - using logged noaa data
2020-03-18 19:01:00,227_pz_weather_logger_DEBUG - {'temps': [[54], [42]], 'icons': ['nra'], 'date': datetime.datetime(2020, 3, 18, 0, 0)}
2020-03-18 19:01:00,569_pz_weather_logger_DEBUG - {'summary': 'partly-cloudy-day', 'temperature': 46, 'pressure': 1032}
2020-03-18 19:01:35,374_pz_weather_logger_DEBUG - pz weather started
2020-03-18 19:01:36,205_pz_weather_logger_DEBUG - latest image anchor: 
2020-03-18 19:01:36,206_pz_weather_logger_DEBUG - <a href="20200782251_GOES16-ABI-ne-GEOCOLOR-1200x1200.jpg">20200782251_GOES16-ABI-ne-GEOCOLOR-1200x1200.jpg</a>
2020-03-18 19:01:36,761_pz_weather_logger_DEBUG - using logged noaa data
2020-03-18 19:01:36,761_pz_weather_logger_DEBUG - {'temps': [[54], [42]], 'icons': ['nra'], 'date': datetime.datetime(2020, 3, 18, 0, 0)}
2020-03-18 19:01:37,090_pz_weather_logger_DEBUG - {'summary': 'partly-cloudy-day', 'temperature': 46, 'pressure': 1032}
2020-03-18 19:02:53,494_pz_weather_logger_DEBUG - pz weather started
2020-03-18 19:02:54,222_pz_weather_logger_DEBUG - latest image anchor: 
2020-03-18 19:02:54,222_pz_weather_logger_DEBUG - <a href="20200782251_GOES16-ABI-ne-GEOCOLOR-1200x1200.jpg">20200782251_GOES16-ABI-ne-GEOCOLOR-1200x1200.jpg</a>
2020-03-18 19:02:54,815_pz_weather_logger_DEBUG - using logged noaa data
2020-03-18 19:02:54,815_pz_weather_logger_DEBUG - {'temps': [[54], [42]], 'icons': ['nra'], 'date': datetime.datetime(2020, 3, 18, 0, 0)}
2020-03-18 19:02:55,133_pz_weather_logger_DEBUG - {'summary': 'partly-cloudy-day', 'temperature': 46, 'pressure': 1032}
2020-03-18 19:16:42,231_pz_weather_logger_DEBUG - pz weather started
2020-03-18 19:16:43,097_pz_weather_logger_DEBUG - latest image anchor: 
2020-03-18 19:16:43,098_pz_weather_logger_DEBUG - <a href="20200782306_GOES16-ABI-ne-GEOCOLOR-1200x1200.jpg">20200782306_GOES16-ABI-ne-GEOCOLOR-1200x1200.jpg</a>
2020-03-18 19:16:44,768_pz_weather_logger_DEBUG - {'temps': [[54], [42]], 'icons': ['nra'], 'date': '2020-03-18', 'last_load': '20200318191644'}
2020-03-18 19:16:45,194_pz_weather_logger_DEBUG - {'summary': 'partly-cloudy-night', 'temperature': 46, 'pressure': 1032}
2020-03-18 19:18:36,107_pz_weather_logger_DEBUG - pz weather started
2020-03-18 19:18:36,803_pz_weather_logger_DEBUG - latest image anchor: 
2020-03-18 19:18:36,804_pz_weather_logger_DEBUG - <a href="20200782311_GOES16-ABI-ne-GEOCOLOR-1200x1200.jpg">20200782311_GOES16-ABI-ne-GEOCOLOR-1200x1200.jpg</a>
2020-03-18 19:18:37,257_pz_weather_logger_DEBUG - using logged noaa data
2020-03-18 19:18:37,258_pz_weather_logger_DEBUG - {'temps': [[54], [42]], 'icons': ['nra'], 'date': datetime.datetime(2020, 3, 18, 0, 0)}
2020-03-18 19:18:37,751_pz_weather_logger_DEBUG - {'summary': 'partly-cloudy-night', 'temperature': 46, 'pressure': 1032}
2020-03-18 19:20:12,838_pz_weather_logger_DEBUG - pz weather started
2020-03-18 19:20:13,581_pz_weather_logger_DEBUG - latest image anchor: 
2020-03-18 19:20:13,581_pz_weather_logger_DEBUG - <a href="20200782311_GOES16-ABI-ne-GEOCOLOR-1200x1200.jpg">20200782311_GOES16-ABI-ne-GEOCOLOR-1200x1200.jpg</a>
2020-03-18 19:20:14,404_pz_weather_logger_DEBUG - using logged noaa data
2020-03-18 19:20:14,405_pz_weather_logger_DEBUG - {'temps': [[54], [42]], 'icons': ['nra'], 'date': datetime.datetime(2020, 3, 18, 0, 0)}
2020-03-18 19:20:14,642_pz_weather_logger_DEBUG - {'summary': 'partly-cloudy-night', 'temperature': 46, 'pressure': 1032}
2020-03-18 19:21:37,279_pz_weather_logger_DEBUG - pz weather started
2020-03-18 19:21:37,958_pz_weather_logger_DEBUG - latest image anchor: 
2020-03-18 19:21:37,958_pz_weather_logger_DEBUG - <a href="20200782311_GOES16-ABI-ne-GEOCOLOR-1200x1200.jpg">20200782311_GOES16-ABI-ne-GEOCOLOR-1200x1200.jpg</a>
2020-03-18 19:21:38,688_pz_weather_logger_DEBUG - using logged noaa data
2020-03-18 19:21:38,688_pz_weather_logger_DEBUG - {'temps': [[54], [42]], 'icons': ['nra'], 'date': datetime.datetime(2020, 3, 18, 0, 0)}
2020-03-18 19:21:39,134_pz_weather_logger_DEBUG - {'summary': 'partly-cloudy-night', 'temperature': 46, 'pressure': 1032}
2020-03-18 19:22:01,943_pz_weather_logger_DEBUG - pz weather started
2020-03-18 19:22:02,585_pz_weather_logger_DEBUG - latest image anchor: 
2020-03-18 19:22:02,585_pz_weather_logger_DEBUG - <a href="20200782311_GOES16-ABI-ne-GEOCOLOR-1200x1200.jpg">20200782311_GOES16-ABI-ne-GEOCOLOR-1200x1200.jpg</a>
2020-03-18 19:22:03,134_pz_weather_logger_DEBUG - using logged noaa data
2020-03-18 19:22:03,135_pz_weather_logger_DEBUG - {'temps': [[54], [42]], 'icons': ['nra'], 'date': datetime.datetime(2020, 3, 18, 0, 0)}
2020-03-18 19:22:03,342_pz_weather_logger_DEBUG - {'summary': 'partly-cloudy-night', 'temperature': 46, 'pressure': 1032}
2020-03-18 19:23:03,656_pz_weather_logger_DEBUG - pz weather started
2020-03-18 19:23:04,380_pz_weather_logger_DEBUG - latest image anchor: 
2020-03-18 19:23:04,380_pz_weather_logger_DEBUG - <a href="20200782316_GOES16-ABI-ne-GEOCOLOR-1200x1200.jpg">20200782316_GOES16-ABI-ne-GEOCOLOR-1200x1200.jpg</a>
2020-03-18 19:23:05,183_pz_weather_logger_DEBUG - using logged noaa data
2020-03-18 19:23:05,184_pz_weather_logger_DEBUG - {'temps': [[54], [42]], 'icons': ['nra'], 'date': datetime.datetime(2020, 3, 18, 0, 0)}
2020-03-18 19:23:05,936_pz_weather_logger_DEBUG - {'summary': 'partly-cloudy-night', 'temperature': 46, 'pressure': 1032}
2020-03-18 19:23:43,308_pz_weather_logger_DEBUG - pz weather started
2020-03-18 19:23:44,052_pz_weather_logger_DEBUG - latest image anchor: 
2020-03-18 19:23:44,053_pz_weather_logger_DEBUG - <a href="20200782316_GOES16-ABI-ne-GEOCOLOR-1200x1200.jpg">20200782316_GOES16-ABI-ne-GEOCOLOR-1200x1200.jpg</a>
2020-03-18 19:23:44,599_pz_weather_logger_DEBUG - using logged noaa data
2020-03-18 19:23:44,599_pz_weather_logger_DEBUG - {'temps': [[54], [42]], 'icons': ['nra'], 'date': datetime.datetime(2020, 3, 18, 0, 0)}
2020-03-18 19:23:44,960_pz_weather_logger_DEBUG - {'summary': 'partly-cloudy-night', 'temperature': 46, 'pressure': 1032}
2020-03-18 19:30:41,767_pz_weather_logger_DEBUG - pz weather started
2020-03-18 19:30:43,085_pz_weather_logger_DEBUG - latest image anchor: 
2020-03-18 19:30:43,085_pz_weather_logger_DEBUG - <a href="20200782321_GOES16-ABI-ne-GEOCOLOR-1200x1200.jpg">20200782321_GOES16-ABI-ne-GEOCOLOR-1200x1200.jpg</a>
2020-03-18 19:30:43,652_pz_weather_logger_DEBUG - using logged noaa data
2020-03-18 19:30:44,084_pz_weather_logger_DEBUG - {'temps': [[54], [42]], 'icons': ['nra'], 'date': datetime.datetime(2020, 3, 18, 0, 0)}
2020-03-18 19:30:44,084_pz_weather_logger_DEBUG - {'summary': 'partly-cloudy-night', 'temperature': 45, 'pressure': 1032}
2020-03-18 19:31:08,315_pz_weather_logger_DEBUG - pz weather started
2020-03-18 19:31:08,961_pz_weather_logger_DEBUG - latest image anchor: 
2020-03-18 19:31:08,962_pz_weather_logger_DEBUG - <a href="20200782321_GOES16-ABI-ne-GEOCOLOR-1200x1200.jpg">20200782321_GOES16-ABI-ne-GEOCOLOR-1200x1200.jpg</a>
2020-03-18 19:31:09,578_pz_weather_logger_DEBUG - using logged noaa data
2020-03-18 19:31:09,967_pz_weather_logger_DEBUG - {'temps': [[54], [42]], 'icons': ['nra'], 'date': datetime.datetime(2020, 3, 18, 0, 0)}
2020-03-18 19:31:09,967_pz_weather_logger_DEBUG - {'summary': 'partly-cloudy-night', 'temperature': 45, 'pressure': 1032}
2020-03-18 19:34:05,142_pz_weather_logger_DEBUG - pz weather started
2020-03-18 19:34:05,864_pz_weather_logger_DEBUG - latest image anchor: 
2020-03-18 19:34:05,864_pz_weather_logger_DEBUG - <a href="20200782326_GOES16-ABI-ne-GEOCOLOR-1200x1200.jpg">20200782326_GOES16-ABI-ne-GEOCOLOR-1200x1200.jpg</a>
2020-03-18 19:34:06,453_pz_weather_logger_DEBUG - using logged noaa data
2020-03-18 19:34:06,912_pz_weather_logger_DEBUG - {'temps': [[54], [42]], 'icons': ['nra'], 'date': datetime.datetime(2020, 3, 18, 0, 0)}
2020-03-18 19:34:06,912_pz_weather_logger_DEBUG - {'summary': 'partly-cloudy-night', 'temperature': 45, 'pressure': 1032, 'humidity': 52}
2020-03-18 19:34:25,518_pz_weather_logger_DEBUG - pz weather started
2020-03-18 19:34:26,216_pz_weather_logger_DEBUG - latest image anchor: 
2020-03-18 19:34:26,217_pz_weather_logger_DEBUG - <a href="20200782326_GOES16-ABI-ne-GEOCOLOR-1200x1200.jpg">20200782326_GOES16-ABI-ne-GEOCOLOR-1200x1200.jpg</a>
2020-03-18 19:34:26,758_pz_weather_logger_DEBUG - using logged noaa data
2020-03-18 19:34:27,169_pz_weather_logger_DEBUG - {'temps': [[54], [42]], 'icons': ['nra'], 'date': datetime.datetime(2020, 3, 18, 0, 0)}
2020-03-18 19:34:27,169_pz_weather_logger_DEBUG - {'summary': 'partly-cloudy-night', 'temperature': 45, 'pressure': 1032, 'humidity': 52}
2020-03-18 19:34:52,409_pz_weather_logger_DEBUG - pz weather started
2020-03-18 19:34:53,047_pz_weather_logger_DEBUG - latest image anchor: 
2020-03-18 19:34:53,048_pz_weather_logger_DEBUG - <a href="20200782326_GOES16-ABI-ne-GEOCOLOR-1200x1200.jpg">20200782326_GOES16-ABI-ne-GEOCOLOR-1200x1200.jpg</a>
2020-03-18 19:34:53,660_pz_weather_logger_DEBUG - using logged noaa data
2020-03-18 19:34:53,878_pz_weather_logger_DEBUG - {'temps': [[54], [42]], 'icons': ['nra'], 'date': datetime.datetime(2020, 3, 18, 0, 0)}
2020-03-18 19:34:53,878_pz_weather_logger_DEBUG - {'summary': 'partly-cloudy-night', 'temperature': 45, 'pressure': 1032, 'humidity': 52}
2020-03-18 19:35:05,760_pz_weather_logger_DEBUG - pz weather started
2020-03-18 19:35:06,416_pz_weather_logger_DEBUG - latest image anchor: 
2020-03-18 19:35:06,417_pz_weather_logger_DEBUG - <a href="20200782326_GOES16-ABI-ne-GEOCOLOR-1200x1200.jpg">20200782326_GOES16-ABI-ne-GEOCOLOR-1200x1200.jpg</a>
2020-03-18 19:35:06,952_pz_weather_logger_DEBUG - using logged noaa data
2020-03-18 19:35:07,181_pz_weather_logger_DEBUG - {'temps': [[54], [42]], 'icons': ['nra'], 'date': datetime.datetime(2020, 3, 18, 0, 0)}
2020-03-18 19:35:07,181_pz_weather_logger_DEBUG - {'summary': 'partly-cloudy-night', 'temperature': 45, 'pressure': 1032, 'humidity': 52}
2020-03-18 19:35:47,638_pz_weather_logger_DEBUG - pz weather started
2020-03-18 19:35:48,363_pz_weather_logger_DEBUG - latest image anchor: 
2020-03-18 19:35:48,363_pz_weather_logger_DEBUG - <a href="20200782326_GOES16-ABI-ne-GEOCOLOR-1200x1200.jpg">20200782326_GOES16-ABI-ne-GEOCOLOR-1200x1200.jpg</a>
2020-03-18 19:35:48,902_pz_weather_logger_DEBUG - using logged noaa data
2020-03-18 19:35:49,221_pz_weather_logger_DEBUG - {'temps': [[54], [42]], 'icons': ['nra'], 'date': datetime.datetime(2020, 3, 18, 0, 0)}
2020-03-18 19:35:49,221_pz_weather_logger_DEBUG - {'summary': 'partly-cloudy-night', 'temperature': 45, 'pressure': 1032, 'humidity': 52}
2020-03-18 19:49:58,515_pz_weather_logger_DEBUG - pz weather started
2020-03-18 19:49:59,200_pz_weather_logger_DEBUG - latest image anchor: 
2020-03-18 19:49:59,201_pz_weather_logger_DEBUG - <a href="20200782341_GOES16-ABI-ne-GEOCOLOR-1200x1200.jpg">20200782341_GOES16-ABI-ne-GEOCOLOR-1200x1200.jpg</a>
2020-03-18 19:50:00,838_pz_weather_logger_DEBUG - using logged noaa data
2020-03-18 19:50:01,251_pz_weather_logger_DEBUG - {'temps': [[54], [42]], 'icons': ['nra'], 'date': datetime.datetime(2020, 3, 18, 0, 0)}
2020-03-18 19:50:01,252_pz_weather_logger_DEBUG - {'summary': 'partly-cloudy-night', 'temperature': 46, 'pressure': 1031, 'humidity': 52}
